[debug] [2019-06-24T23:45:44.832Z] ----------------------------------------------------------------------
[debug] [2019-06-24T23:45:44.834Z] Command:       /usr/bin/node /usr/bin/firebase init
[debug] [2019-06-24T23:45:44.834Z] CLI Version:   7.0.1
[debug] [2019-06-24T23:45:44.834Z] Platform:      linux
[debug] [2019-06-24T23:45:44.834Z] Node Version:  v10.16.0
[debug] [2019-06-24T23:45:44.834Z] Time:          Mon Jun 24 2019 20:45:44 GMT-0300 (GMT-03:00)
[debug] [2019-06-24T23:45:44.835Z] ----------------------------------------------------------------------
[debug] 
[debug] [2019-06-24T23:45:44.847Z] > command requires scopes: ["email","openid","https://www.googleapis.com/auth/cloudplatformprojects.readonly","https://www.googleapis.com/auth/firebase","https://www.googleapis.com/auth/cloud-platform"]
[debug] [2019-06-24T23:45:44.847Z] > authorizing via signed-in user
[info] 
     ######## #### ########  ######## ########     ###     ######  ########
     ##        ##  ##     ## ##       ##     ##  ##   ##  ##       ##
     ######    ##  ########  ######   ########  #########  ######  ######
     ##        ##  ##    ##  ##       ##     ## ##     ##       ## ##
     ##       #### ##     ## ######## ########  ##     ##  ######  ########

You're about to initialize a Firebase project in this directory:

  /home/vinicius-santos/Área de Trabalho/teste

Before we get started, keep in mind:

  * You are initializing in an existing Firebase project directory

